<?xml version="1.0" encoding="UTF-8"?>
<!-- Generated by org.testng.reporters.JUnitReportReporter -->
<testsuite hostname="DinaPC" failures="0" tests="1" name="Tests.LogoutTest" time="7.778" errors="0" timestamp="2025-06-16T10:55:42 EEST" skipped="0">
  <testcase classname="Tests.LogoutTest" name="testLogoutFunctionality" time="7.778"/>
</testsuite> <!-- Tests.LogoutTest -->
