<?xml version="1.0" encoding="UTF-8"?>
<!-- Generated by org.testng.reporters.JUnitReportReporter -->
<testsuite hostname="DinaPC" failures="0" tests="1" name="Tests.AboutUsTest" time="1.689" errors="0" timestamp="2025-06-16T10:55:42 EEST" skipped="0">
  <testcase classname="Tests.AboutUsTest" name="testAboutUsModalText" time="1.689"/>
</testsuite> <!-- Tests.AboutUsTest -->
